16:43:13 **** Rebuild of configuration Debug for project 1 ****
Info: Internal Builder is used for build
gcc -O0 -g3 -Wall -c -fmessage-length=0 -o 1.o "..\\1.c" 
..\1.c: In function 'main':
..\1.c:23:12: warning: format '%d' expects argument of type 'int *', but argument 2 has type 'int (*)[2]' [-Wformat=]
   23 |    scanf("%d", a+i+j);
      |           ~^   ~~~~~
      |            |      |
      |            int *  int (*)[2]
..\1.c:23:12: warning: format '%d' expects argument of type 'int *', but argument 2 has type 'int (*)[2]' [-Wformat=]
..\1.c:34:12: warning: format '%d' expects argument of type 'int *', but argument 2 has type 'int (*)[2]' [-Wformat=]
   34 |    scanf("%d", b+i+j);
      |           ~^   ~~~~~
      |            |      |
      |            int *  int (*)[2]
..\1.c:34:12: warning: format '%d' expects argument of type 'int *', but argument 2 has type 'int (*)[2]' [-Wformat=]
..\1.c:45:2: warning: implicit declaration of function 'fflusj'; did you mean 'fflush'? [-Wimplicit-function-declaration]
   45 |  fflusj(stdout);
      |  ^~~~~~
      |  fflush
gcc -o 1.exe 1.o 
1.o: In function `main':
C:\Users\admin\Desktop\Yasmien\Courses\Embedded Course KS\Unit2\Assignments_by_Me\Assignment3\1\Debug/../1.c:45: undefined reference to `fflusj'
collect2.exe: error: ld returned 1 exit status
16:43:44 **** Incremental Build of configuration Debug for project 1 ****
Info: Internal Builder is used for build
gcc -O0 -g3 -Wall -c -fmessage-length=0 -o 1.o "..\\1.c" 
..\1.c: In function 'main':
..\1.c:23:12: warning: format '%d' expects argument of type 'int *', but argument 2 has type 'int (*)[2]' [-Wformat=]
   23 |    scanf("%d", a+i+j);
      |           ~^   ~~~~~
      |            |      |
      |            int *  int (*)[2]
..\1.c:23:12: warning: format '%d' expects argument of type 'int *', but argument 2 has type 'int (*)[2]' [-Wformat=]
..\1.c:34:12: warning: format '%d' expects argument of type 'int *', but argument 2 has type 'int (*)[2]' [-Wformat=]
   34 |    scanf("%d", b+i+j);
      |           ~^   ~~~~~
      |            |      |
      |            int *  int (*)[2]
..\1.c:34:12: warning: format '%d' expects argument of type 'int *', but argument 2 has type 'int (*)[2]' [-Wformat=]
gcc -o 1.exe 1.o 
Info: Nothing to build for 1
16:45:48 **** Incremental Build of configuration Debug for project 1 ****
Info: Internal Builder is used for build
gcc -O0 -g3 -Wall -c -fmessage-length=0 -o 1.o "..\\1.c" 
..\1.c: In function 'main':
..\1.c:23:12: warning: format '%d' expects argument of type 'int *', but argument 2 has type 'int (*)[2]' [-Wformat=]
   23 |    scanf("%d", a+i+j);
      |           ~^   ~~~~~
      |            |      |
      |            int *  int (*)[2]
..\1.c:23:12: warning: format '%d' expects argument of type 'int *', but argument 2 has type 'int (*)[2]' [-Wformat=]
..\1.c:35:12: warning: format '%d' expects argument of type 'int *', but argument 2 has type 'int (*)[2]' [-Wformat=]
   35 |    scanf("%d", b+i+j);
      |           ~^   ~~~~~
      |            |      |
      |            int *  int (*)[2]
..\1.c:35:12: warning: format '%d' expects argument of type 'int *', but argument 2 has type 'int (*)[2]' [-Wformat=]
gcc -o 1.exe 1.o 
16:46:28 **** Incremental Build of configuration Debug for project 1 ****
Info: Internal Builder is used for build
gcc -O0 -g3 -Wall -c -fmessage-length=0 -o 1.o "..\\1.c" 
..\1.c: In function 'main':
..\1.c:23:12: warning: format '%d' expects argument of type 'int *', but argument 2 has type 'int (*)[2]' [-Wformat=]
   23 |    scanf("%d", a+i+j);
      |           ~^   ~~~~~
      |            |      |
      |            int *  int (*)[2]
..\1.c:23:12: warning: format '%d' expects argument of type 'int *', but argument 2 has type 'int (*)[2]' [-Wformat=]
..\1.c:34:12: warning: format '%d' expects argument of type 'int *', but argument 2 has type 'int (*)[2]' [-Wformat=]
   34 |    scanf("%d", b+i+j);
      |           ~^   ~~~~~
      |            |      |
      |            int *  int (*)[2]
..\1.c:34:12: warning: format '%d' expects argument of type 'int *', but argument 2 has type 'int (*)[2]' [-Wformat=]
gcc -o 1.exe 1.o 
16:47:36 **** Incremental Build of configuration Debug for project 1 ****
Info: Internal Builder is used for build
gcc -O0 -g3 -Wall -c -fmessage-length=0 -o 1.o "..\\1.c" 
..\1.c: In function 'main':
..\1.c:23:12: warning: format '%d' expects argument of type 'int *', but argument 2 has type 'int (*)[2]' [-Wformat=]
   23 |    scanf("%d", a+i+j);
      |           ~^   ~~~~~
      |            |      |
      |            int *  int (*)[2]
..\1.c:23:12: warning: format '%d' expects argument of type 'int *', but argument 2 has type 'int (*)[2]' [-Wformat=]
..\1.c:34:12: warning: format '%d' expects argument of type 'int *', but argument 2 has type 'int (*)[2]' [-Wformat=]
   34 |    scanf("%d", b+i+j);
      |           ~^   ~~~~~
      |            |      |
      |            int *  int (*)[2]
..\1.c:34:12: warning: format '%d' expects argument of type 'int *', but argument 2 has type 'int (*)[2]' [-Wformat=]
gcc -o 1.exe 1.o 
16:48:48 **** Incremental Build of configuration Debug for project 1 ****
Info: Internal Builder is used for build
gcc -O0 -g3 -Wall -c -fmessage-length=0 -o 1.o "..\\1.c" 
gcc -o 1.exe 1.o 
17:49:53 **** Rebuild of configuration Debug for project 2 ****
Info: Internal Builder is used for build
gcc -O0 -g3 -Wall -c -fmessage-length=0 -o 2.o "..\\2.c" 
..\2.c: In function 'main':
..\2.c:14:23: error: invalid initializer
   14 |  float numbers[100] = 0;
      |                       ^
17:50:11 **** Incremental Build of configuration Debug for project 2 ****
Info: Internal Builder is used for build
gcc -O0 -g3 -Wall -c -fmessage-length=0 -o 2.o "..\\2.c" 
gcc -o 2.exe 2.o 
Info: Nothing to build for 2
18:04:19 **** Rebuild of configuration Debug for project 3 ****
Info: Internal Builder is used for build
gcc -O0 -g3 -Wall -c -fmessage-length=0 -o 3.o "..\\3.c" 
..\3.c: In function 'main':
..\3.c:31:31: error: expected ';' before 'for'
   31 |  printf("Entered Matrix : \n")
      |                               ^
      |                               ;
   32 |  for(int i = 0 ; i < rows ; i++)
      |  ~~~                           
18:04:31 **** Incremental Build of configuration Debug for project 3 ****
Info: Internal Builder is used for build
gcc -O0 -g3 -Wall -c -fmessage-length=0 -o 3.o "..\\3.c" 
gcc -o 3.exe 3.o 
Info: Nothing to build for 3
18:06:04 **** Incremental Build of configuration Debug for project 3 ****
Info: Internal Builder is used for build
gcc -O0 -g3 -Wall -c -fmessage-length=0 -o 3.o "..\\3.c" 
gcc -o 3.exe 3.o 
18:07:24 **** Incremental Build of configuration Debug for project 3 ****
Info: Internal Builder is used for build
gcc -O0 -g3 -Wall -c -fmessage-length=0 -o 3.o "..\\3.c" 
..\3.c: In function 'main':
..\3.c:28:12: warning: format '%d' expects argument of type 'int *', but argument 2 has type 'int (*)[100]' [-Wformat=]
   28 |    scanf("%d", (a+i)+j);
      |           ~^   ~~~~~~~
      |            |        |
      |            int *    int (*)[100]
..\3.c:28:12: warning: format '%d' expects argument of type 'int *', but argument 2 has type 'int (*)[100]' [-Wformat=]
gcc -o 3.exe 3.o 
18:08:08 **** Incremental Build of configuration Debug for project 3 ****
Info: Internal Builder is used for build
gcc -O0 -g3 -Wall -c -fmessage-length=0 -o 3.o "..\\3.c" 
gcc -o 3.exe 3.o 
18:09:12 **** Incremental Build of configuration Debug for project 3 ****
Info: Internal Builder is used for build
gcc -O0 -g3 -Wall -c -fmessage-length=0 -o 3.o "..\\3.c" 
gcc -o 3.exe 3.o 
18:12:23 **** Incremental Build of configuration Debug for project 3 ****
Info: Internal Builder is used for build
gcc -O0 -g3 -Wall -c -fmessage-length=0 -o 3.o "..\\3.c" 
gcc -o 3.exe 3.o 
18:29:07 **** Rebuild of configuration Debug for project 4 ****
Info: Internal Builder is used for build
gcc -O0 -g3 -Wall -c -fmessage-length=0 -o 4.o "..\\4.c" 
gcc -o 4.exe 4.o 
Info: Nothing to build for 4
18:30:13 **** Incremental Build of configuration Debug for project 4 ****
Info: Internal Builder is used for build
gcc -O0 -g3 -Wall -c -fmessage-length=0 -o 4.o "..\\4.c" 
gcc -o 4.exe 4.o 
20:24:52 **** Rebuild of configuration Debug for project 5 ****
Info: Internal Builder is used for build
gcc -O0 -g3 -Wall -c -fmessage-length=0 -o 5.o "..\\5.c" 
..\5.c: In function 'main':
..\5.c:17:37: error: expected ';' before 'fflush'
   17 |  printf("Enter number of elements:")
      |                                     ^
      |                                     ;
   18 |  fflush(stdout);
      |  ~~~~~~                              
..\5.c:14:6: warning: unused variable 'location' [-Wunused-variable]
   14 |  int location;
      |      ^~~~~~~~
20:25:02 **** Incremental Build of configuration Debug for project 5 ****
Info: Internal Builder is used for build
gcc -O0 -g3 -Wall -c -fmessage-length=0 -o 5.o "..\\5.c" 
..\5.c: In function 'main':
..\5.c:14:6: warning: unused variable 'location' [-Wunused-variable]
   14 |  int location;
      |      ^~~~~~~~
gcc -o 5.exe 5.o 
20:25:17 **** Incremental Build of configuration Debug for project 5 ****
Info: Internal Builder is used for build
gcc -O0 -g3 -Wall -c -fmessage-length=0 -o 5.o "..\\5.c" 
gcc -o 5.exe 5.o 
Info: Nothing to build for 5
20:50:20 **** Rebuild of configuration Debug for project 6 ****
Info: Internal Builder is used for build
gcc -O0 -g3 -Wall -c -fmessage-length=0 -o 6.o "..\\6.c" 
..\6.c: In function 'main':
..\6.c:21:16: warning: array subscript has type 'char' [-Wchar-subscripts]
   21 |   frequency[str[i]]++;
      |             ~~~^~~
..\6.c:26:43: warning: array subscript has type 'char' [-Wchar-subscripts]
   26 |  printf("Frequency of %c = %d",x,frequency[x]);
      |                                           ^
..\6.c:18:2: warning: 'str' is used uninitialized in this function [-Wuninitialized]
   18 |  gets(str);
      |  ^~~~~~~~~
gcc -o 6.exe 6.o 
20:51:00 **** Incremental Build of configuration Debug for project 6 ****
Info: Internal Builder is used for build
gcc -O0 -g3 -Wall -c -fmessage-length=0 -o 6.o "..\\6.c" 
..\6.c: In function 'main':
..\6.c:21:17: warning: array subscript has type 'char' [-Wchar-subscripts]
   21 |   frequency[(str[i])]++;
      |             ~~~~^~~~
..\6.c:26:43: warning: array subscript has type 'char' [-Wchar-subscripts]
   26 |  printf("Frequency of %c = %d",x,frequency[x]);
      |                                           ^
..\6.c:18:2: warning: 'str' is used uninitialized in this function [-Wuninitialized]
   18 |  gets(str);
      |  ^~~~~~~~~
gcc -o 6.exe 6.o 
Info: Nothing to build for 6
Info: Nothing to build for 6
Info: Nothing to build for 6
20:55:17 **** Incremental Build of configuration Debug for project 6 ****
Info: Internal Builder is used for build
gcc -O0 -g3 -Wall -c -fmessage-length=0 -o 6.o "..\\6.c" 
..\6.c: In function 'main':
..\6.c:21:17: warning: array subscript has type 'char' [-Wchar-subscripts]
   21 |   frequency[(str[i])]++;
      |             ~~~~^~~~
..\6.c:26:43: warning: array subscript has type 'char' [-Wchar-subscripts]
   26 |  printf("Frequency of %c = %d",x,frequency[x]);
      |                                           ^
gcc -o 6.exe 6.o 
20:56:20 **** Incremental Build of configuration Debug for project 6 ****
Info: Internal Builder is used for build
gcc -O0 -g3 -Wall -c -fmessage-length=0 -o 6.o "..\\6.c" 
..\6.c: In function 'main':
..\6.c:19:28: warning: passing argument 1 of 'strlen' makes pointer from integer without a cast [-Wint-conversion]
   19 |  for(int i = 0; i < strlen(*str); i++)
      |                            ^~~~
      |                            |
      |                            char
In file included from ..\6.c:9:
c:\mingw\x86_64-w64-mingw32\include\string.h:64:37: note: expected 'const char *' but argument is of type 'char'
   64 |   size_t __cdecl strlen(const char *_Str);
      |                         ~~~~~~~~~~~~^~~~
..\6.c:21:17: warning: array subscript has type 'char' [-Wchar-subscripts]
   21 |   frequency[(str[i])]++;
      |             ~~~~^~~~
..\6.c:26:43: warning: array subscript has type 'char' [-Wchar-subscripts]
   26 |  printf("Frequency of %c = %d",x,frequency[x]);
      |                                           ^
gcc -o 6.exe 6.o 
20:57:55 **** Incremental Build of configuration Debug for project 6 ****
Info: Internal Builder is used for build
gcc -O0 -g3 -Wall -c -fmessage-length=0 -o 6.o "..\\6.c" 
..\6.c: In function 'main':
..\6.c:21:17: warning: array subscript has type 'char' [-Wchar-subscripts]
   21 |   frequency[(str[i])]++;
      |             ~~~~^~~~
..\6.c:26:43: warning: array subscript has type 'char' [-Wchar-subscripts]
   26 |  printf("Frequency of %c = %d",x,frequency[x]);
      |                                           ^
gcc -o 6.exe 6.o 
21:07:23 **** Rebuild of configuration Debug for project 7 ****
Info: Internal Builder is used for build
gcc -O0 -g3 -Wall -c -fmessage-length=0 -o 7.o "..\\7.c" 
gcc -o 7.exe 7.o 
Info: Nothing to build for 7
21:10:42 **** Rebuild of configuration Debug for project 8 ****
Info: Internal Builder is used for build
gcc -O0 -g3 -Wall -c -fmessage-length=0 -o 8.o "..\\8.c" 
gcc -o 8.exe 8.o 
Info: Nothing to build for 8
21:11:58 **** Incremental Build of configuration Debug for project 8 ****
Info: Internal Builder is used for build
gcc -O0 -g3 -Wall -c -fmessage-length=0 -o 8.o "..\\8.c" 
gcc -o 8.exe 8.o 
Info: Nothing to build for 8
