01:36:28 **** Rebuild of configuration Debug for project 1 ****
Info: Internal Builder is used for build
gcc -O0 -g3 -Wall -c -fmessage-length=0 -o 1.o "..\\1.c" 
gcc -o 1.exe 1.o 
Info: Nothing to build for 1
01:42:40 **** Rebuild of configuration Debug for project 2 ****
Info: Internal Builder is used for build
gcc -O0 -g3 -Wall -c -fmessage-length=0 -o 2.o "..\\2.c" 
gcc -o 2.exe 2.o 
Info: Nothing to build for 2
01:46:52 **** Rebuild of configuration Debug for project 3 ****
Info: Internal Builder is used for build
gcc -O0 -g3 -Wall -c -fmessage-length=0 -o 3.o "..\\3.c" 
..\3.c: In function 'main':
..\3.c:12:6: warning: unused variable '_x' [-Wunused-variable]
   12 |  int _x;
      |      ^~
gcc -o 3.exe 3.o 
Info: Nothing to build for 2
Info: Nothing to build for 3
01:50:45 **** Incremental Build of configuration Debug for project 3 ****
Info: Internal Builder is used for build
gcc -O0 -g3 -Wall -c -fmessage-length=0 -o 3.o "..\\3.c" 
gcc -o 3.exe 3.o 
Info: Nothing to build for 3
02:04:37 **** Incremental Build of configuration Debug for project 3 ****
Info: Internal Builder is used for build
gcc -O0 -g3 -Wall -c -fmessage-length=0 -o 3.o "..\\3.c" 
gcc -o 3.exe 3.o 
02:05:25 **** Incremental Build of configuration Debug for project 3 ****
Info: Internal Builder is used for build
gcc -O0 -g3 -Wall -c -fmessage-length=0 -o 3.o "..\\3.c" 
gcc -o 3.exe 3.o 
02:11:02 **** Incremental Build of configuration Debug for project 3 ****
Info: Internal Builder is used for build
gcc -O0 -g3 -Wall -c -fmessage-length=0 -o 3.o "..\\3.c" 
gcc -o 3.exe 3.o 
02:11:36 **** Incremental Build of configuration Debug for project 3 ****
Info: Internal Builder is used for build
gcc -O0 -g3 -Wall -c -fmessage-length=0 -o 3.o "..\\3.c" 
..\3.c: In function 'main':
..\3.c:15:13: warning: format '%d' expects argument of type 'int', but argument 2 has type 'long long int' [-Wformat=]
   15 |  printf("\n%d",2%4294967288);
      |            ~^  ~~~~~~~~~~~~
      |             |  |
      |             |  long long int
      |             int
      |            %I64d
..\3.c:15:13: warning: format '%d' expects argument of type 'int', but argument 2 has type 'long long int' [-Wformat=]
   15 |  printf("\n%d",2%4294967288);
      |            ~^  ~~~~~~~~~~~~
      |             |  |
      |             |  long long int
      |             int
      |            %I64d
gcc -o 3.exe 3.o 
02:13:06 **** Incremental Build of configuration Debug for project 3 ****
Info: Internal Builder is used for build
gcc -O0 -g3 -Wall -c -fmessage-length=0 -o 3.o "..\\3.c" 
gcc -o 3.exe 3.o 
02:18:17 **** Incremental Build of configuration Debug for project 3 ****
Info: Internal Builder is used for build
gcc -O0 -g3 -Wall -c -fmessage-length=0 -o 3.o "..\\3.c" 
..\3.c: In function 'main':
..\3.c:12:12: warning: left-hand operand of comma expression has no effect [-Wunused-value]
   12 |  int x = (1, 2, 3);
      |            ^
..\3.c:12:15: warning: left-hand operand of comma expression has no effect [-Wunused-value]
   12 |  int x = (1, 2, 3);
      |               ^
gcc -o 3.exe 3.o 
02:23:24 **** Incremental Build of configuration Debug for project 3 ****
Info: Internal Builder is used for build
gcc -O0 -g3 -Wall -c -fmessage-length=0 -o 3.o "..\\3.c" 
gcc -o 3.exe 3.o 
02:25:36 **** Incremental Build of configuration Debug for project 3 ****
Info: Internal Builder is used for build
gcc -O0 -g3 -Wall -c -fmessage-length=0 -o 3.o "..\\3.c" 
..\3.c: In function 'main':
..\3.c:13:6: warning: comparisons like 'X<=Y<=Z' do not have their mathematical meaning [-Wparentheses]
   13 |  if(c>b>a)
      |     ~^~
gcc -o 3.exe 3.o 
02:26:29 **** Incremental Build of configuration Debug for project 3 ****
Info: Internal Builder is used for build
gcc -O0 -g3 -Wall -c -fmessage-length=0 -o 3.o "..\\3.c" 
..\3.c: In function 'main':
..\3.c:13:7: warning: comparisons like 'X<=Y<=Z' do not have their mathematical meaning [-Wparentheses]
   13 |  if(c > b > a)
      |     ~~^~~
gcc -o 3.exe 3.o 
02:31:04 **** Incremental Build of configuration Debug for project 3 ****
Info: Internal Builder is used for build
gcc -O0 -g3 -Wall -c -fmessage-length=0 -o 3.o "..\\3.c" 
gcc -o 3.exe 3.o 
02:33:26 **** Incremental Build of configuration Debug for project 3 ****
Info: Internal Builder is used for build
gcc -O0 -g3 -Wall -c -fmessage-length=0 -o 3.o "..\\3.c" 
gcc -o 3.exe 3.o 
02:37:05 **** Incremental Build of configuration Debug for project 3 ****
Info: Internal Builder is used for build
gcc -O0 -g3 -Wall -c -fmessage-length=0 -o 3.o "..\\3.c" 
..\3.c: In function 'main':
..\3.c:12:10: error: 'b' undeclared (first use in this function)
   12 |  int a = b = c = 1;
      |          ^
..\3.c:12:10: note: each undeclared identifier is reported only once for each function it appears in
..\3.c:12:14: error: 'c' undeclared (first use in this function)
   12 |  int a = b = c = 1;
      |              ^
..\3.c:12:6: warning: unused variable 'a' [-Wunused-variable]
   12 |  int a = b = c = 1;
      |      ^
02:44:06 **** Incremental Build of configuration Debug for project 3 ****
Info: Internal Builder is used for build
gcc -O0 -g3 -Wall -c -fmessage-length=0 -o 3.o "..\\3.c" 
gcc -o 3.exe 3.o 
02:46:15 **** Incremental Build of configuration Debug for project 3 ****
Info: Internal Builder is used for build
gcc -O0 -g3 -Wall -c -fmessage-length=0 -o 3.o "..\\3.c" 
gcc -o 3.exe 3.o 
02:50:29 **** Incremental Build of configuration Debug for project 3 ****
Info: Internal Builder is used for build
gcc -O0 -g3 -Wall -c -fmessage-length=0 -o 3.o "..\\3.c" 
gcc -o 3.exe 3.o 
02:53:43 **** Incremental Build of configuration Debug for project 3 ****
Info: Internal Builder is used for build
gcc -O0 -g3 -Wall -c -fmessage-length=0 -o 3.o "..\\3.c" 
gcc -o 3.exe 3.o 
03:19:04 **** Incremental Build of configuration Debug for project 3 ****
Info: Internal Builder is used for build
gcc -O0 -g3 -Wall -c -fmessage-length=0 -o 3.o "..\\3.c" 
gcc -o 3.exe 3.o 
03:19:45 **** Incremental Build of configuration Debug for project 3 ****
Info: Internal Builder is used for build
gcc -O0 -g3 -Wall -c -fmessage-length=0 -o 3.o "..\\3.c" 
gcc -o 3.exe 3.o 
Info: Nothing to build for 3
Info: Nothing to build for 3
03:32:45 **** Incremental Build of configuration Debug for project 3 ****
Info: Internal Builder is used for build
gcc -O0 -g3 -Wall -c -fmessage-length=0 -o 3.o "..\\3.c" 
gcc -o 3.exe 3.o 
c:/mingw/bin/../lib/gcc/x86_64-w64-mingw32/10.2.0/../../../../x86_64-w64-mingw32/bin/ld.exe: cannot open output file 3.exe: Permission denied
collect2.exe: error: ld returned 1 exit status
03:32:59 **** Incremental Build of configuration Debug for project 3 ****
Info: Internal Builder is used for build
gcc -o 3.exe 3.o 
Info: Nothing to build for 1
01:26:16 **** Rebuild of configuration Debug for project 4 ****
Info: Internal Builder is used for build
gcc -O0 -g3 -Wall -c -fmessage-length=0 -o 4.o "..\\4.c" 
gcc -o 4.exe 4.o 
Info: Nothing to build for 4
Info: Nothing to build for 4
01:18:48 **** Incremental Build of configuration Debug for project 4 ****
Info: Internal Builder is used for build
gcc -O0 -g3 -Wall -c -fmessage-length=0 -o 4.o "..\\4.c" 
gcc -o 4.exe 4.o 
01:19:06 **** Rebuild of configuration Debug for project 5 ****
Info: Internal Builder is used for build
gcc -O0 -g3 -Wall -c -fmessage-length=0 -o 5.o "..\\5.c" 
gcc -o 5.exe 5.o 
01:26:32 **** Rebuild of configuration Debug for project 6 ****
Info: Internal Builder is used for build
gcc -O0 -g3 -Wall -c -fmessage-length=0 -o 6.o "..\\6.c" 
gcc -o 6.exe 6.o 
Info: Nothing to build for 6
01:31:30 **** Rebuild of configuration Debug for project 7 ****
Info: Internal Builder is used for build
gcc -O0 -g3 -Wall -c -fmessage-length=0 -o 7.o "..\\7.c" 
gcc -o 7.exe 7.o 
Info: Nothing to build for 7
Info: Nothing to build for 7
01:34:01 **** Incremental Build of configuration Debug for project 7 ****
Info: Internal Builder is used for build
gcc -O0 -g3 -Wall -c -fmessage-length=0 -o 7.o "..\\7.c" 
gcc -o 7.exe 7.o 
Info: Nothing to build for 7
Info: Nothing to build for 7
01:41:49 **** Rebuild of configuration Debug for project 8 ****
Info: Internal Builder is used for build
gcc -O0 -g3 -Wall -c -fmessage-length=0 -o 8.o "..\\8.c" 
..\8.c: In function 'main':
..\8.c:17:2: warning: 'operator' is used uninitialized in this function [-Wuninitialized]
   17 |  switch(operator)
      |  ^~~~~~
gcc -o 8.exe 8.o 
01:43:28 **** Incremental Build of configuration Debug for project 8 ****
Info: Internal Builder is used for build
gcc -O0 -g3 -Wall -c -fmessage-length=0 -o 8.o "..\\8.c" 
gcc -o 8.exe 8.o 
Info: Nothing to build for 8
Info: Nothing to build for 8
01:47:21 **** Incremental Build of configuration Debug for project 3 ****
Info: Internal Builder is used for build
gcc -O0 -g3 -Wall -c -fmessage-length=0 -o 3.o "..\\3.c" 
gcc -o 3.exe 3.o 
01:48:23 **** Incremental Build of configuration Debug for project 3 ****
Info: Internal Builder is used for build
gcc -O0 -g3 -Wall -c -fmessage-length=0 -o 3.o "..\\3.c" 
gcc -o 3.exe 3.o 
01:48:44 **** Incremental Build of configuration Debug for project 3 ****
Info: Internal Builder is used for build
gcc -O0 -g3 -Wall -c -fmessage-length=0 -o 3.o "..\\3.c" 
gcc -o 3.exe 3.o 
c:/mingw/bin/../lib/gcc/x86_64-w64-mingw32/10.2.0/../../../../x86_64-w64-mingw32/bin/ld.exe: cannot open output file 3.exe: Permission denied
collect2.exe: error: ld returned 1 exit status
01:49:02 **** Incremental Build of configuration Debug for project 3 ****
Info: Internal Builder is used for build
gcc -o 3.exe 3.o 
01:49:42 **** Incremental Build of configuration Debug for project 3 ****
Info: Internal Builder is used for build
gcc -O0 -g3 -Wall -c -fmessage-length=0 -o 3.o "..\\3.c" 
gcc -o 3.exe 3.o 
Info: Nothing to build for 3
01:50:18 **** Incremental Build of configuration Debug for project 3 ****
Info: Internal Builder is used for build
gcc -O0 -g3 -Wall -c -fmessage-length=0 -o 3.o "..\\3.c" 
gcc -o 3.exe 3.o 
Info: Nothing to build for 3
01:50:39 **** Incremental Build of configuration Debug for project 3 ****
Info: Internal Builder is used for build
gcc -O0 -g3 -Wall -c -fmessage-length=0 -o 3.o "..\\3.c" 
gcc -o 3.exe 3.o 
